[2015-10-12 22:11:45] START
[2015-10-12 22:12:09] EDIT M2L/models/menu.py: 0
[2015-10-12 22:13:02] EDIT M2L/models/menu.py: 0
[2015-10-12 22:13:24] EDIT M2L/models/menu.py: 0
[2015-10-12 22:16:24] EDIT M2L/models/menu.py: -2
[2015-10-12 22:16:49] UPLOAD /home/malou/SAUV_CLEO/MALOU/PROF/PRATIQUE/CODE_APPLICATIF/FRAMEWORK/WEB2PY/web2py/applications/M2L/static/logoM2L.png: 47
[2015-10-12 22:17:20] EDIT M2L/models/menu.py: 0
[2015-10-12 22:17:26] EDIT M2L/models/menu.py: 0
[2015-10-12 22:22:17] DELETE M2L/static/logoM2L.png: -47
[2015-10-12 22:22:28] UPLOAD /home/malou/SAUV_CLEO/MALOU/PROF/PRATIQUE/CODE_APPLICATIF/FRAMEWORK/WEB2PY/web2py/applications/M2L/static/logoM2L.png: 24
[2015-10-12 22:24:50] DELETE M2L/static/logoM2L.png: -24
[2015-10-12 22:25:00] UPLOAD /home/malou/SAUV_CLEO/MALOU/PROF/PRATIQUE/CODE_APPLICATIF/FRAMEWORK/WEB2PY/web2py/applications/M2L/static/logoM2L.png: 15
[2015-10-12 22:26:07] DELETE M2L/static/logoM2L.png: -15
[2015-10-12 22:26:13] UPLOAD /home/malou/SAUV_CLEO/MALOU/PROF/PRATIQUE/CODE_APPLICATIF/FRAMEWORK/WEB2PY/web2py/applications/M2L/static/logoM2L.png: 12
[2015-10-12 22:28:54] DELETE M2L/static/logoM2L.png: -12
[2015-10-12 22:29:03] UPLOAD /home/malou/SAUV_CLEO/MALOU/PROF/PRATIQUE/CODE_APPLICATIF/FRAMEWORK/WEB2PY/web2py/applications/M2L/static/logoM2L_1.jpg: 17
[2015-10-12 22:29:14] EDIT M2L/models/menu.py: 0
[2015-10-12 22:29:33] EDIT M2L/models/menu.py: 0
[2015-10-12 22:50:57] DELETE M2L/static/images/background.jpg: -1088
[2015-10-12 22:51:12] UPLOAD /home/malou/SAUV_CLEO/MALOU/PROF/PRATIQUE/CODE_APPLICATIF/FRAMEWORK/WEB2PY/web2py/applications/M2L/static/background.jpg: 410
[2015-10-12 22:57:40] EDIT M2L/models/menu.py: 0
[2015-10-12 23:06:57] EDIT M2L/static/css/bootstrap.min.css: 0
[2015-10-12 23:07:33] EDIT M2L/static/css/bootstrap.min.css: 0
[2015-10-12 23:08:22] EDIT M2L/static/css/bootstrap.min.css: 0
[2015-10-12 23:09:16] EDIT M2L/static/css/bootstrap.min.css: 0
[2015-10-12 23:12:39] EDIT M2L/models/menu.py: -1
[2015-10-12 23:13:04] EDIT M2L/models/menu.py: 1
[2015-10-12 23:13:41] EDIT M2L/models/menu.py: 2
[2015-10-12 23:15:29] EDIT M2L/models/menu.py: 6
[2015-10-12 23:28:26] EDIT M2L/controllers/default.py: -1
[2015-10-12 23:28:35] EDIT M2L/controllers/default.py: -3
[2015-10-12 23:29:52] EDIT M2L/views/default/index.html: -13
[2015-10-12 23:30:21] EDIT M2L/controllers/default.py: 1
[2015-10-12 23:30:59] EDIT M2L/views/default/index.html: 1
[2015-10-12 23:31:35] EDIT M2L/views/default/index.html: 2
[2015-10-12 23:31:54] EDIT M2L/views/default/index.html: -2
[2015-10-12 23:32:13] EDIT M2L/controllers/default.py: 0
[2015-10-12 23:33:35] EDIT M2L/views/default/index.html: 0
[2015-10-12 23:34:00] EDIT M2L/views/default/index.html: -1
[2015-10-12 23:36:30] EDIT M2L/views/default/index.html: 2
[2015-10-12 23:36:59] EDIT M2L/models/menu.py: -6
[2015-10-12 23:38:22] EDIT M2L/views/default/index.html: 0
[2015-10-13 11:54:10] EDIT M2L/views/default/index.html: 0
[2015-10-13 11:54:46] EDIT M2L/controllers/default.py: 5
[2015-10-13 11:55:03] CREATE default/statutJuridique.html: 0
[2015-10-13 12:01:28] EDIT M2L/views/default/statutJuridique.html: 12
[2015-10-13 12:02:32] EDIT M2L/views/default/index.html: 5
[2015-10-13 18:22:44] EDIT M2L/views/layout.html: 8
[2015-10-13 18:25:25] EDIT M2L/views/default/index.html: 1
[2015-10-13 18:25:35] EDIT M2L/views/default/index.html: -10
[2015-10-13 21:49:31] EDIT M2L/models/menu.py: 0
[2015-10-13 21:50:14] EDIT M2L/models/menu.py: 0
[2015-10-13 21:50:31] EDIT M2L/models/menu.py: 0
[2015-10-14 10:39:33] EDIT M2L/private/appconfig.ini: 0
[2015-10-14 10:43:03] EDIT M2L/private/appconfig.ini: 0
[2015-10-14 10:46:35] CREATE db_ligue.py: 0
[2015-10-14 10:52:11] EDIT M2L/models/db_ligue.py: 8
[2015-10-14 10:52:23] EDIT M2L/models/db_ligue.py: 0
[2015-10-14 10:59:36] EDIT M2L/models/db_ligue.py: 1
[2015-10-14 11:01:05] EDIT M2L/models/db_ligue.py: 0
[2015-10-27 15:08:44] CREATE ctrl_ligue.py: 0
[2015-10-27 15:09:21] EDIT M2L/controllers/ctrl_ligue.py: 2
[2015-10-27 15:09:41] EDIT M2L/controllers/ctrl_ligue.py: 0
[2015-10-27 15:10:03] EDIT M2L/models/menu.py: 0
[2015-10-27 15:13:35] EDIT M2L/models/db_ligue.py: 4
[2015-10-27 15:14:35] EDIT M2L/models/db_ligue.py: 0
[2015-10-27 15:14:41] EDIT M2L/models/db_ligue.py: 0
[2015-10-27 15:17:09] EDIT M2L/models/db_ligue.py: 0
[2015-10-27 15:17:22] EDIT M2L/models/db_ligue.py: 0
[2015-10-27 15:38:24] EDIT M2L/models/db_ligue.py: 0
[2015-10-27 15:38:27] EDIT M2L/models/db_ligue.py: 0
[2015-10-27 15:38:34] EDIT M2L/models/db_ligue.py: 0
[2015-10-27 15:39:03] EDIT M2L/models/db_ligue.py: 0
[2015-12-03 22:41:21] EDIT M2L/controllers/default.py: 3
[2015-12-13 17:21:29] CREATE ctrl_ligue/index.xml: 0
[2015-12-13 17:22:02] EDIT M2L/views/ctrl_ligue/index.xml: 0
[2015-12-13 22:45:14] EDIT M2L/views/ctrl_ligue/index.xml: 0
[2015-12-13 22:50:04] EDIT M2L/views/ctrl_ligue/index.xml: 1
[2015-12-13 22:50:42] EDIT M2L/views/ctrl_ligue/index.xml: 0
[2015-12-13 22:53:53] EDIT M2L/controllers/default.py: 0
[2015-12-13 22:54:03] EDIT M2L/controllers/default.py: 0
[2015-12-13 22:54:06] EDIT M2L/views/ctrl_ligue/index.xml: 0
[2015-12-13 22:56:25] EDIT M2L/views/ctrl_ligue/index.xml: 0
[2015-12-13 22:57:06] EDIT M2L/views/ctrl_ligue/index.xml: 0
[2015-12-13 22:57:47] EDIT M2L/views/ctrl_ligue/index.xml: 0
[2015-12-13 22:58:11] EDIT M2L/controllers/default.py: 0
[2015-12-13 22:58:58] EDIT M2L/views/ctrl_ligue/index.xml: 0
[2015-12-13 22:59:16] EDIT M2L/views/ctrl_ligue/index.xml: 0
[2015-12-13 23:00:12] EDIT M2L/views/ctrl_ligue/index.xml: 0
[2015-12-13 23:00:24] EDIT M2L/controllers/default.py: 0
[2015-12-13 23:00:34] EDIT M2L/views/ctrl_ligue/index.xml: 0
[2015-12-13 23:00:54] EDIT M2L/controllers/default.py: 0
[2015-12-13 23:01:09] EDIT M2L/controllers/ctrl_ligue.py: 0
[2015-12-13 23:01:11] EDIT M2L/controllers/ctrl_ligue.py: 0
[2015-12-13 23:01:18] EDIT M2L/views/ctrl_ligue/index.xml: 0
[2015-12-13 23:02:48] EDIT M2L/views/ctrl_ligue/index.xml: -1
[2015-12-13 23:02:53] EDIT M2L/views/ctrl_ligue/index.xml: 0
[2015-12-13 23:03:15] EDIT M2L/views/ctrl_ligue/index.xml: 0
[2015-12-13 23:03:56] EDIT M2L/views/ctrl_ligue/index.xml: 1
[2015-12-13 23:04:15] EDIT M2L/controllers/ctrl_ligue.py: 0
[2015-12-13 23:07:09] EDIT M2L/views/ctrl_ligue/index.xml: 0
[2015-12-13 23:07:27] EDIT M2L/views/ctrl_ligue/index.xml: 0
[2015-12-13 23:08:30] EDIT M2L/controllers/ctrl_ligue.py: 0
[2015-12-13 23:08:45] DELETE M2L/views/ctrl_ligue/index.xml: -2
[2015-12-13 23:09:01] CREATE ctrl_ligue/index.xml: 0
[2015-12-13 23:09:28] EDIT M2L/views/ctrl_ligue/index.xml: 1
[2015-12-13 23:09:38] EDIT M2L/views/ctrl_ligue/index.xml: -1
[2015-12-13 23:09:47] EDIT M2L/views/ctrl_ligue/index.xml: 0
[2015-12-13 23:10:11] EDIT M2L/controllers/ctrl_ligue.py: 0
[2015-12-13 23:12:04] EDIT M2L/views/ctrl_ligue/index.xml: 0
[2016-01-04 20:38:13] CREATE db_resa_salle.py: 0
[2016-01-04 20:38:50] EDIT M2L_PPE2_V0/models/db_resa_salle.py: 3
[2016-01-04 20:41:32] EDIT M2L_PPE2_V0/private/appconfig.ini: 0
[2016-01-04 20:45:28] EDIT M2L_PPE2_V0/models/db_resa_salle.py: 0
[2016-01-04 20:47:00] EDIT M2L_PPE2_V0/models/db_ligue.py: 0
[2016-01-04 20:47:06] EDIT M2L_PPE2_V0/models/db_ligue.py: 0
[2016-01-04 20:47:18] EDIT M2L_PPE2_V0/models/db_ligue.py: 0
[2016-01-04 20:50:33] CREATE ctrl_salle.py: 0
[2016-01-04 20:51:30] EDIT M2L_PPE2_V0/controllers/ctrl_salle.py: 7
[2016-01-04 20:52:22] CREATE ctrl_salle/afficherLesSalles.html: 0
[2016-01-04 20:52:34] EDIT M2L_PPE2_V0/views/ctrl_salle/afficherLesSalles.html: 27
[2016-01-04 20:53:19] EDIT M2L_PPE2_V0/views/ctrl_salle/afficherLesSalles.html: 0
[2016-01-04 20:54:02] EDIT M2L_PPE2_V0/controllers/ctrl_salle.py: -1
[2016-01-04 20:54:18] EDIT M2L_PPE2_V0/views/ctrl_salle/afficherLesSalles.html: 0
[2016-01-04 20:56:06] EDIT M2L_PPE2_V0/models/menu.py: 3
[2016-01-04 20:57:35] CREATE ctrl_salle/index.html: 0
[2016-01-04 20:58:42] EDIT M2L_PPE2_V0/views/ctrl_salle/index.html: 2
[2016-01-04 20:59:01] EDIT M2L_PPE2_V0/views/ctrl_salle/index.html: 0
[2016-01-04 21:00:02] EDIT M2L_PPE2_V0/views/ctrl_salle/afficherLesSalles.html: 1
[2016-01-04 21:00:23] EDIT M2L_PPE2_V0/views/ctrl_salle/afficherLesSalles.html: 2
[2016-01-04 21:07:53] EDIT M2L_PPE2_V0/controllers/ctrl_salle.py: 1
[2016-01-04 21:08:04] EDIT M2L_PPE2_V0/controllers/ctrl_salle.py: 2
[2016-01-04 21:08:26] EDIT M2L_PPE2_V0/controllers/ctrl_salle.py: 0
[2016-01-04 21:08:45] EDIT M2L_PPE2_V0/controllers/ctrl_salle.py: 3
[2016-01-04 21:09:12] EDIT M2L_PPE2_V0/controllers/ctrl_salle.py: 0
[2016-01-04 21:09:17] EDIT M2L_PPE2_V0/controllers/ctrl_salle.py: -1
[2016-01-04 21:09:19] EDIT M2L_PPE2_V0/controllers/ctrl_salle.py: 0
[2016-01-04 21:09:40] EDIT M2L_PPE2_V0/controllers/ctrl_salle.py: 0
[2016-01-04 21:10:14] EDIT M2L_PPE2_V0/controllers/ctrl_salle.py: 0
[2016-01-04 21:10:32] EDIT M2L_PPE2_V0/views/ctrl_salle/afficherLesSalles.html: 0
[2016-01-04 21:14:25] EDIT M2L_PPE2_V0/views/ctrl_salle/index.html: 4
[2016-01-04 21:14:41] EDIT M2L_PPE2_V0/views/ctrl_salle/index.html: 0
[2016-01-04 21:16:37] EDIT M2L_PPE2_V0/controllers/ctrl_salle.py: 11
[2016-01-04 21:16:53] EDIT M2L_PPE2_V0/controllers/ctrl_salle.py: 0
[2016-01-04 21:17:20] EDIT M2L_PPE2_V0/controllers/ctrl_salle.py: 0
[2016-01-04 21:18:26] CREATE ctrl_salle/afficherSallesCategorie.html: 0
[2016-01-04 21:20:04] EDIT M2L_PPE2_V0/controllers/ctrl_salle.py: 1
[2016-01-04 21:23:29] EDIT M2L_PPE2_V0/views/ctrl_salle/index.html: 0
[2016-01-04 21:25:00] EDIT M2L_PPE2_V0/views/ctrl_salle/afficherSallesCategorie.html: 22
[2016-01-04 21:25:07] EDIT M2L_PPE2_V0/views/ctrl_salle/afficherSallesCategorie.html: 0
[2016-01-04 21:25:11] EDIT M2L_PPE2_V0/views/ctrl_salle/afficherSallesCategorie.html: 0
[2016-01-04 21:25:32] EDIT M2L_PPE2_V0/views/ctrl_salle/afficherSallesCategorie.html: 0
[2016-01-04 21:32:25] EDIT M2L_PPE2_V0/views/ctrl_salle/afficherSallesCategorie.html: 0
[2016-01-04 21:33:00] EDIT M2L_PPE2_V0/views/ctrl_salle/afficherLesSalles.html: 0
[2016-01-04 21:33:17] EDIT M2L_PPE2_V0/views/ctrl_salle/afficherLesSalles.html: -1
[2016-01-04 21:34:15] EDIT M2L_PPE2_V0/views/ctrl_salle/afficherSallesCategorie.html: -1
[2016-01-04 21:35:13] EDIT M2L_PPE2_V0/views/ctrl_salle/afficherSallesCategorie.html: 0
[2016-01-04 21:35:22] EDIT M2L_PPE2_V0/views/ctrl_salle/afficherSallesCategorie.html: 0
[2016-01-04 21:36:17] EDIT M2L_PPE2_V0/views/ctrl_salle/afficherSallesCategorie.html: 3
[2016-01-04 21:39:20] EDIT M2L_PPE2_V0/models/menu.py: 0
[2016-01-04 21:41:40] EDIT M2L_PPE2_V0/controllers/ctrl_salle.py: 14
[2016-01-04 21:42:17] EDIT M2L_PPE2_V0/controllers/ctrl_salle.py: 0
[2016-01-04 21:42:26] EDIT M2L_PPE2_V0/controllers/ctrl_salle.py: 0
[2016-01-04 21:42:42] EDIT M2L_PPE2_V0/controllers/ctrl_salle.py: 0
[2016-01-04 21:42:55] EDIT M2L_PPE2_V0/controllers/ctrl_salle.py: -1
[2016-01-04 21:43:05] EDIT M2L_PPE2_V0/controllers/ctrl_salle.py: 0
[2016-01-04 21:43:22] EDIT M2L_PPE2_V0/controllers/ctrl_salle.py: 0
[2016-01-04 21:43:38] EDIT M2L_PPE2_V0/views/ctrl_salle/afficherLesSalles.html: 0
[2016-01-04 21:44:37] CREATE ctrl_salle/modifierSalle.html: 0
[2016-01-04 21:44:47] EDIT M2L_PPE2_V0/views/ctrl_salle/modifierSalle.html: 3
[2016-01-04 21:46:55] EDIT M2L_PPE2_V0/controllers/ctrl_salle.py: 0
[2016-01-04 22:00:08] EDIT M2L_PPE2_V0/controllers/ctrl_salle.py: 16
[2016-01-04 22:00:11] EDIT M2L_PPE2_V0/controllers/ctrl_salle.py: 0
[2016-01-04 22:00:49] CREATE ctrl_salle/ajouterSalle.py: 0
[2016-01-04 22:00:59] EDIT M2L_PPE2_V0/views/ctrl_salle/ajouterSalle.py: 8
[2016-01-04 22:03:14] EDIT M2L_PPE2_V0/views/ctrl_salle/afficherLesSalles.html: 1
[2016-01-04 22:03:22] EDIT M2L_PPE2_V0/views/ctrl_salle/afficherLesSalles.html: 0
[2016-01-04 22:03:37] EDIT M2L_PPE2_V0/views/ctrl_salle/afficherLesSalles.html: 2
[2016-01-04 22:05:04] EDIT M2L_PPE2_V0/controllers/ctrl_salle.py: 0
[2016-01-04 22:12:54] EDIT M2L_PPE2_V0/controllers/ctrl_salle.py: 27
[2016-01-04 22:15:09] CREATE ctrl_salle/demanderReservationSalle.html: 0
[2016-01-04 22:15:47] CREATE ctrl_salle/rechercherSalleDisponible.html: 0
[2016-01-04 22:16:18] CREATE ctrl_salle/reserver.html: 0
[2016-01-04 22:18:15] EDIT M2L_PPE2_V0/views/ctrl_salle/demanderReservationSalle.html: 6
[2016-01-04 22:21:59] EDIT M2L_PPE2_V0/controllers/ctrl_salle.py: 0
[2016-01-04 22:23:04] EDIT M2L_PPE2_V0/controllers/ctrl_salle.py: 0
[2016-01-04 22:24:22] EDIT M2L_PPE2_V0/controllers/ctrl_salle.py: 0
[2016-01-04 22:25:30] EDIT M2L_PPE2_V0/views/ctrl_salle/index.html: 1
[2016-01-04 22:40:08] EDIT M2L_PPE2_V0/controllers/ctrl_salle.py: 1
[2016-01-04 22:40:18] EDIT M2L_PPE2_V0/controllers/ctrl_salle.py: 0
[2016-01-04 22:40:59] EDIT M2L_PPE2_V0/controllers/ctrl_salle.py: -8
[2016-01-04 22:42:25] EDIT M2L_PPE2_V0/controllers/ctrl_salle.py: 31
[2016-01-04 22:43:04] EDIT M2L_PPE2_V0/controllers/ctrl_salle.py: 0
[2016-01-04 22:43:40] EDIT M2L_PPE2_V0/views/web2py_ajax.html: 0
[2016-01-04 22:44:38] EDIT M2L_PPE2_V0/views/web2py_ajax.html: 0
[2016-01-04 22:45:59] EDIT M2L_PPE2_V0/controllers/ctrl_salle.py: 0
[2016-01-04 22:46:08] EDIT M2L_PPE2_V0/controllers/ctrl_salle.py: 0
[2016-01-04 22:47:18] EDIT M2L_PPE2_V0/views/ctrl_salle/rechercherSalleDisponible.html: 25
[2016-01-04 22:47:56] EDIT M2L_PPE2_V0/views/ctrl_salle/rechercherSalleDisponible.html: 0
[2016-01-04 22:48:18] EDIT M2L_PPE2_V0/controllers/ctrl_salle.py: 0
[2016-01-04 22:48:35] EDIT M2L_PPE2_V0/controllers/ctrl_salle.py: 0
[2016-01-04 22:49:27] EDIT M2L_PPE2_V0/views/ctrl_salle/reserver.html: 3
[2016-01-04 22:49:47] EDIT M2L_PPE2_V0/controllers/ctrl_salle.py: 0
[2016-01-04 22:49:59] EDIT M2L_PPE2_V0/views/ctrl_salle/reserver.html: 0
[2016-01-04 22:50:48] EDIT M2L_PPE2_V0/controllers/ctrl_salle.py: 0
[2016-01-04 22:51:36] EDIT M2L_PPE2_V0/views/ctrl_salle/rechercherSalleDisponible.html: 0
[2016-01-04 22:51:42] EDIT M2L_PPE2_V0/views/ctrl_salle/rechercherSalleDisponible.html: 0
[2016-01-04 22:52:13] EDIT M2L_PPE2_V0/controllers/ctrl_salle.py: 0
[2016-01-04 22:53:46] EDIT M2L_PPE2_V0/views/ctrl_salle/rechercherSalleDisponible.html: 0
[2016-01-04 22:53:56] EDIT M2L_PPE2_V0/views/ctrl_salle/rechercherSalleDisponible.html: 0
[2016-01-04 22:54:52] EDIT M2L_PPE2_V0/controllers/ctrl_salle.py: 0
[2016-01-05 15:48:59] EDIT M2L_PPE2_V0/controllers/ctrl_salle.py: 0
[2016-01-05 15:50:29] EDIT M2L_PPE2_V0/views/ctrl_salle/rechercherSalleDisponible.html: 0
[2016-01-05 15:50:46] EDIT M2L_PPE2_V0/models/db_resa_salle.py: 0
[2016-01-05 15:50:59] EDIT M2L_PPE2_V0/controllers/ctrl_salle.py: -1
[2016-01-05 15:52:09] EDIT M2L_PPE2_V0/models/db_resa_salle.py: 0
[2016-01-05 15:54:19] EDIT M2L_PPE2_V0/models/db_resa_salle.py: 0
[2016-01-05 20:42:20] EDIT M2L_PPE2_V0/controllers/ctrl_salle.py: 2
[2016-01-05 20:43:33] EDIT M2L_PPE2_V0/controllers/ctrl_salle.py: 0
[2016-01-05 20:46:23] EDIT M2L_PPE2_V0/controllers/ctrl_salle.py: 0
[2016-01-05 20:50:08] EDIT M2L_PPE2_V0/controllers/ctrl_salle.py: 1
[2016-01-05 20:52:04] EDIT M2L_PPE2_V0/controllers/ctrl_salle.py: 0
[2016-01-05 20:52:41] EDIT M2L_PPE2_V0/controllers/ctrl_salle.py: 0
[2016-01-05 20:59:10] EDIT M2L_PPE2_V0/views/ctrl_salle/rechercherSalleDisponible.html: 1
[2016-01-05 20:59:44] EDIT M2L_PPE2_V0/views/ctrl_salle/rechercherSalleDisponible.html: 1
[2016-01-05 21:06:45] EDIT M2L_PPE2_V0/controllers/ctrl_salle.py: 3
[2016-01-05 21:07:30] CREATE ctrl_salle/test.html: 0
[2016-01-05 21:07:44] EDIT M2L_PPE2_V0/views/ctrl_salle/test.html: 5
[2016-01-05 21:12:23] EDIT M2L_PPE2_V0/controllers/ctrl_salle.py: 0
[2016-01-05 21:14:17] EDIT M2L_PPE2_V0/controllers/ctrl_salle.py: 0
[2016-01-05 21:14:43] EDIT M2L_PPE2_V0/controllers/ctrl_salle.py: 0
[2016-01-05 21:16:09] EDIT M2L_PPE2_V0/controllers/ctrl_salle.py: 2
[2016-01-05 21:16:31] EDIT M2L_PPE2_V0/controllers/ctrl_salle.py: -1
[2016-01-05 21:16:35] EDIT M2L_PPE2_V0/controllers/ctrl_salle.py: 0
[2016-01-05 21:16:43] EDIT M2L_PPE2_V0/controllers/ctrl_salle.py: 0
[2016-01-05 21:17:13] CREATE ctrl_salle/visualiserReservation.html: 0
[2016-01-05 21:18:11] EDIT M2L_PPE2_V0/views/ctrl_salle/index.html: 2
[2016-01-05 21:18:24] EDIT M2L_PPE2_V0/controllers/ctrl_salle.py: -2
[2016-01-05 21:18:33] EDIT M2L_PPE2_V0/controllers/ctrl_salle.py: 2
[2016-01-05 21:19:58] EDIT M2L_PPE2_V0/controllers/ctrl_salle.py: 6
[2016-01-05 21:20:29] EDIT M2L_PPE2_V0/controllers/ctrl_salle.py: 0
[2016-01-05 21:20:55] EDIT M2L_PPE2_V0/controllers/ctrl_salle.py: 0
[2016-01-05 21:20:59] EDIT M2L_PPE2_V0/controllers/ctrl_salle.py: 0
[2016-01-05 21:21:09] EDIT M2L_PPE2_V0/controllers/ctrl_salle.py: 1
[2016-01-05 21:21:28] EDIT M2L_PPE2_V0/controllers/ctrl_salle.py: 0
[2016-01-05 21:24:49] EDIT M2L_PPE2_V0/views/ctrl_salle/index.html: 3
[2016-01-05 21:24:58] EDIT M2L_PPE2_V0/views/ctrl_salle/index.html: 0
[2016-01-05 21:25:27] EDIT M2L_PPE2_V0/views/ctrl_salle/index.html: 0
[2016-01-05 21:25:56] EDIT M2L_PPE2_V0/views/ctrl_salle/index.html: 0
[2016-01-05 21:26:25] EDIT M2L_PPE2_V0/views/ctrl_salle/index.html: 0
[2016-01-05 21:27:09] EDIT M2L_PPE2_V0/views/ctrl_salle/index.html: 0
[2016-01-05 21:28:53] EDIT M2L_PPE2_V0/views/ctrl_salle/index.html: 1
[2016-01-05 21:28:56] EDIT M2L_PPE2_V0/views/ctrl_salle/index.html: -1
[2016-01-05 21:29:52] EDIT M2L_PPE2_V0/views/ctrl_salle/index.html: 0
[2016-01-05 21:31:09] EDIT M2L_PPE2_V0/views/ctrl_salle/index.html: 0
[2016-01-05 21:31:33] EDIT M2L_PPE2_V0/views/ctrl_salle/index.html: 0
[2016-01-05 21:31:54] EDIT M2L_PPE2_V0/views/ctrl_salle/index.html: 0
[2016-01-05 21:32:50] EDIT M2L_PPE2_V0/controllers/ctrl_salle.py: -8
[2016-01-05 21:37:36] EDIT M2L_PPE2_V0/controllers/ctrl_salle.py: 4
[2016-01-05 21:37:51] EDIT M2L_PPE2_V0/controllers/ctrl_salle.py: 0
[2016-01-05 21:37:54] EDIT M2L_PPE2_V0/controllers/ctrl_salle.py: 0
[2016-01-05 21:38:23] EDIT M2L_PPE2_V0/controllers/ctrl_salle.py: 0
[2016-01-05 21:39:47] EDIT M2L_PPE2_V0/controllers/ctrl_salle.py: 0
[2016-01-05 21:39:54] EDIT M2L_PPE2_V0/controllers/ctrl_salle.py: 0
[2016-01-05 21:40:35] EDIT M2L_PPE2_V0/controllers/ctrl_salle.py: 0
[2016-01-05 21:43:08] EDIT M2L_PPE2_V0/controllers/ctrl_salle.py: 1
[2016-01-05 21:46:02] EDIT M2L_PPE2_V0/controllers/ctrl_salle.py: -1
[2016-01-05 21:49:23] EDIT M2L_PPE2_V0/views/web2py_ajax.html: 0
[2016-01-05 21:49:28] EDIT M2L_PPE2_V0/views/web2py_ajax.html: 0
[2016-01-05 22:01:36] EDIT M2L_PPE2_V0/controllers/ctrl_salle.py: 0
[2016-01-05 22:02:26] EDIT M2L_PPE2_V0/controllers/ctrl_salle.py: 1
[2016-01-05 22:04:42] EDIT M2L_PPE2_V0/controllers/ctrl_salle.py: 0
[2016-01-05 22:05:38] EDIT M2L_PPE2_V0/controllers/ctrl_salle.py: 1
[2016-01-05 22:05:50] EDIT M2L_PPE2_V0/controllers/ctrl_salle.py: 0
[2016-01-05 22:06:19] EDIT M2L_PPE2_V0/controllers/ctrl_salle.py: 0
[2016-01-05 22:06:36] EDIT M2L_PPE2_V0/controllers/ctrl_salle.py: 0
[2016-01-05 22:07:14] EDIT M2L_PPE2_V0/controllers/ctrl_salle.py: 0
[2016-01-05 22:08:05] EDIT M2L_PPE2_V0/controllers/ctrl_salle.py: 0
[2016-01-05 22:08:22] EDIT M2L_PPE2_V0/controllers/ctrl_salle.py: -1
[2016-01-05 22:09:01] EDIT M2L_PPE2_V0/controllers/ctrl_salle.py: 0
[2016-01-05 22:11:23] EDIT M2L_PPE2_V0/views/ctrl_salle/visualiserReservation.html: 27
[2016-01-05 22:13:45] EDIT M2L_PPE2_V0/views/ctrl_salle/visualiserReservation.html: 0
[2016-01-05 22:14:57] EDIT M2L_PPE2_V0/views/ctrl_salle/visualiserReservation.html: 0
[2016-01-05 22:15:14] EDIT M2L_PPE2_V0/views/ctrl_salle/visualiserReservation.html: 0
[2016-01-05 22:15:29] EDIT M2L_PPE2_V0/views/ctrl_salle/visualiserReservation.html: -1
[2016-01-05 22:17:48] EDIT M2L_PPE2_V0/views/ctrl_salle/index.html: 0
[2016-01-05 22:18:08] EDIT M2L_PPE2_V0/views/ctrl_salle/index.html: 0
[2016-01-05 22:18:21] EDIT M2L_PPE2_V0/views/ctrl_salle/index.html: 0
[2016-01-05 22:20:31] EDIT M2L_PPE2_V0/views/ctrl_salle/index.html: 0
[2016-01-05 22:21:43] EDIT M2L_PPE2_V0/views/ctrl_salle/index.html: 0
[2016-01-05 22:22:05] EDIT M2L_PPE2_V0/views/ctrl_salle/index.html: 0
[2016-01-05 22:23:06] EDIT M2L_PPE2_V0/views/ctrl_salle/afficherLesSalles.html: 1
[2016-01-05 22:23:35] EDIT M2L_PPE2_V0/views/ctrl_salle/afficherLesSalles.html: 0
[2016-01-05 22:23:50] EDIT M2L_PPE2_V0/views/ctrl_salle/afficherLesSalles.html: 0
[2016-01-05 22:24:06] EDIT M2L_PPE2_V0/views/ctrl_salle/visualiserReservation.html: 1
[2016-01-05 22:24:15] EDIT M2L_PPE2_V0/views/ctrl_salle/afficherSallesCategorie.html: 1
[2016-01-05 22:25:50] EDIT M2L_PPE2_V0/models/menu.py: -1
[2016-01-05 22:26:28] EDIT M2L_PPE2_V0/controllers/default.py: -3
[2016-01-05 22:27:27] EDIT M2L_PPE2_V0/controllers/default.py: 0
[2016-01-05 22:28:01] EDIT M2L_PPE2_V0/controllers/ctrl_salle.py: -1
[2016-01-05 22:28:15] EDIT M2L_PPE2_V0/controllers/ctrl_salle.py: 1
[2016-01-05 22:28:18] EDIT M2L_PPE2_V0/controllers/ctrl_salle.py: 0
[2016-01-05 22:28:24] EDIT M2L_PPE2_V0/controllers/ctrl_salle.py: 0
[2016-01-05 22:28:31] EDIT M2L_PPE2_V0/controllers/ctrl_salle.py: -1
[2016-01-05 22:30:24] EDIT M2L_PPE2_V0/controllers/ctrl_salle.py: 0
[2016-01-05 22:31:05] EDIT M2L_PPE2_V0/controllers/ctrl_salle.py: 0
[2016-01-05 22:32:09] EDIT M2L_PPE2_V0/controllers/ctrl_salle.py: 0
[2016-01-05 22:32:32] EDIT M2L_PPE2_V0/controllers/ctrl_salle.py: 0
[2016-01-05 22:33:17] EDIT M2L_PPE2_V0/controllers/ctrl_ligue.py: 0
[2016-01-05 22:33:47] EDIT M2L_PPE2_V0/controllers/ctrl_ligue.py: 0
[2016-01-05 22:34:06] CREATE ctrl_ligue/index.html: 0
[2016-01-05 22:36:06] EDIT M2L_PPE2_V0/controllers/ctrl_ligue.py: 0
[2016-01-05 22:36:19] EDIT M2L_PPE2_V0/controllers/ctrl_ligue.py: 0
[2016-01-05 22:36:22] EDIT M2L_PPE2_V0/controllers/ctrl_ligue.py: 0
[2016-01-05 22:36:42] EDIT M2L_PPE2_V0/views/ctrl_ligue/index.html: 33
[2016-01-05 22:38:34] EDIT M2L_PPE2_V0/views/ctrl_ligue/index.html: -6
[2016-01-05 22:39:06] EDIT M2L_PPE2_V0/controllers/ctrl_ligue.py: 0
[2016-01-05 22:39:48] EDIT M2L_PPE2_V0/controllers/ctrl_ligue.py: 0
[2016-01-06 16:22:03] EDIT M2L_PPE2_V0/controllers/ctrl_salle.py: 0
[2016-01-06 19:52:51] EDIT M2L_PPE2_V0/models/db.py: 1
[2016-01-06 19:54:13] EDIT M2L_PPE2_V0/models/db.py: 6
[2016-01-06 19:55:19] EDIT M2L_PPE2_V0/models/db.py: 0
[2016-01-06 20:13:42] EDIT M2L_PPE2_V0/controllers/ctrl_salle.py: 8
[2016-01-06 20:19:29] EDIT M2L_PPE2_V0/models/db.py: 1
[2016-01-06 20:20:38] EDIT M2L_PPE2_V0/models/db.py: 1
[2016-01-06 20:20:58] EDIT M2L_PPE2_V0/models/db.py: 1
[2016-01-06 20:21:28] EDIT M2L_PPE2_V0/models/db.py: 1
[2016-01-06 20:22:14] EDIT M2L_PPE2_V0/models/db.py: 0
[2016-01-06 20:22:35] EDIT M2L_PPE2_V0/models/db.py: 0
[2016-01-06 20:27:52] EDIT M2L_PPE2_V0/views/layout.html: -1
[2016-01-06 20:29:46] EDIT M2L_PPE2_V0/views/layout.html: 1
[2016-01-06 20:36:56] EDIT M2L_PPE2_V0/models/menu.py: 0
[2016-01-06 20:37:04] EDIT M2L_PPE2_V0/models/menu.py: 0
[2016-01-06 20:37:14] EDIT M2L_PPE2_V0/models/menu.py: 0
[2016-01-06 20:38:43] EDIT M2L_PPE2_V0/views/default/index.html: 0
[2016-01-06 20:53:35] EDIT M2L_PPE2_V0/views/ctrl_salle/afficherLesSalles.html: 4
[2016-01-06 20:54:07] EDIT M2L_PPE2_V0/views/ctrl_salle/afficherLesSalles.html: 0
[2016-01-06 20:55:13] EDIT M2L_PPE2_V0/views/ctrl_salle/afficherLesSalles.html: 0
[2016-01-06 20:59:20] EDIT M2L_PPE2_V0/controllers/ctrl_salle.py: 0
[2016-01-06 20:59:29] EDIT M2L_PPE2_V0/controllers/ctrl_salle.py: 0
[2016-01-06 21:00:16] EDIT M2L_PPE2_V0/views/ctrl_salle/afficherLesSalles.html: -1
[2016-01-06 21:00:47] EDIT M2L_PPE2_V0/controllers/ctrl_salle.py: 0
[2016-01-06 21:02:07] EDIT M2L_PPE2_V0/controllers/ctrl_salle.py: 0
[2016-01-06 21:02:09] EDIT M2L_PPE2_V0/controllers/ctrl_salle.py: 0
[2016-01-06 21:02:30] EDIT M2L_PPE2_V0/views/ctrl_salle/afficherLesSalles.html: -1
[2016-01-06 21:03:04] EDIT M2L_PPE2_V0/views/ctrl_salle/afficherLesSalles.html: 2
[2016-01-06 21:15:37] EDIT M2L_PPE2_V0/views/ctrl_salle/visualiserReservation.html: 0
[2016-01-06 21:16:11] EDIT M2L_PPE2_V0/controllers/ctrl_salle.py: 0
[2016-01-06 21:16:45] EDIT M2L_PPE2_V0/views/ctrl_salle/visualiserReservation.html: 0
[2016-01-06 21:17:05] EDIT M2L_PPE2_V0/controllers/ctrl_salle.py: 0
[2016-01-06 21:25:56] EDIT M2L_PPE2_V0/views/ctrl_salle/reserver.html: 4
[2016-01-06 21:26:12] EDIT M2L_PPE2_V0/views/ctrl_salle/reserver.html: 0
[2016-01-06 21:26:33] EDIT M2L_PPE2_V0/views/ctrl_salle/reserver.html: -4
[2016-01-06 21:27:12] EDIT M2L_PPE2_V0/views/ctrl_salle/rechercherSalleDisponible.html: 4
[2016-01-06 21:48:15] EDIT M2L_PPE2_V0/static/css/bootstrap.min.css: 0
[2016-01-06 21:48:40] EDIT M2L_PPE2_V0/static/css/bootstrap.min.css: 0
[2016-01-06 21:49:32] EDIT M2L_PPE2_V0/static/css/bootstrap.min.css: 0
[2016-01-06 21:50:29] EDIT M2L_PPE2_V0/static/css/bootstrap.min.css: 0
[2016-01-06 21:53:57] EDIT M2L_PPE2/private/appconfig.ini: 0
[2016-01-06 21:55:07] EDIT M2L_PPE2/controllers/default.py: -1
[2016-01-06 22:08:25] EDIT M2L_PPE2/models/db_resa_salle.py: 0
[2016-01-06 22:09:10] EDIT M2L_PPE2/models/db_ligue.py: 0
[2016-01-06 22:09:13] EDIT M2L_PPE2/models/db_ligue.py: 0
[2016-01-06 22:51:39] EDIT M2L_PPE2/models/db.py: 1
[2016-01-06 22:52:04] EDIT M2L_PPE2/models/db.py: 0
[2016-01-08 15:16:57] EDIT M2L_PPE2/controllers/ctrl_salle.py: 0
[2016-01-08 15:17:10] EDIT M2L_PPE2/views/ctrl_salle/afficherLesSalles.html: -2
[2016-01-08 15:17:54] EDIT M2L_PPE2/views/ctrl_salle/afficherLesSalles.html: -4
[2016-01-08 15:18:02] EDIT M2L_PPE2/views/ctrl_salle/afficherLesSalles.html: 0
[2016-01-08 15:18:58] EDIT M2L_PPE2/views/ctrl_salle/afficherLesSalles.html: 0
[2016-01-08 15:20:22] EDIT M2L_PPE2/controllers/ctrl_salle.py: -2
[2016-01-08 15:24:04] EDIT M2L_PPE2/views/ctrl_salle/index.html: 0
[2016-01-08 15:24:16] EDIT M2L_PPE2/views/ctrl_salle/index.html: 0
[2016-01-08 15:25:04] EDIT M2L_PPE2/views/ctrl_salle/afficherLesSalles.html: 0
[2016-01-08 15:25:16] EDIT M2L_PPE2/views/ctrl_salle/afficherSallesCategorie.html: 0
[2016-01-08 15:26:25] EDIT M2L_PPE2/views/ctrl_salle/afficherSallesCategorie.html: 1
[2016-01-08 15:26:49] EDIT M2L_PPE2/views/ctrl_salle/afficherSallesCategorie.html: 0
[2016-01-08 15:28:02] EDIT M2L_PPE2/views/ctrl_salle/afficherSallesCategorie.html: -23
[2016-01-08 15:28:17] EDIT M2L_PPE2/views/ctrl_salle/afficherSallesCategorie.html: 0
[2016-01-08 15:28:55] EDIT M2L_PPE2/controllers/ctrl_salle.py: -1
[2016-01-08 15:29:11] EDIT M2L_PPE2/controllers/ctrl_salle.py: -1
[2016-01-08 15:29:41] EDIT M2L_PPE2/controllers/ctrl_salle.py: -1
[2016-01-08 15:32:28] EDIT M2L_PPE2/controllers/ctrl_salle.py: -1
[2016-01-08 15:32:40] EDIT M2L_PPE2/controllers/ctrl_salle.py: -1
[2016-01-08 15:32:46] EDIT M2L_PPE2/controllers/ctrl_salle.py: -1
[2016-01-08 15:32:52] EDIT M2L_PPE2/controllers/ctrl_salle.py: 0
[2016-01-08 15:33:01] EDIT M2L_PPE2/controllers/ctrl_salle.py: 0
[2016-01-08 15:34:19] EDIT M2L_PPE2/controllers/ctrl_salle.py: -1
[2016-01-08 15:35:31] EDIT M2L_PPE2/views/ctrl_salle/rechercherSalleDisponible.html: -5
[2016-01-08 15:36:21] EDIT M2L_PPE2/controllers/ctrl_salle.py: 0
[2016-01-08 15:37:03] EDIT M2L_PPE2/controllers/ctrl_salle.py: 1
[2016-01-08 15:37:23] EDIT M2L_PPE2/controllers/ctrl_salle.py: 0
[2016-01-08 15:37:30] EDIT M2L_PPE2/controllers/ctrl_salle.py: 0
[2016-01-08 15:37:45] EDIT M2L_PPE2/views/ctrl_salle/visualiserReservation.html: 0
[2016-01-08 15:39:08] EDIT M2L_PPE2/controllers/ctrl_salle.py: 0
[2016-01-08 15:39:25] EDIT M2L_PPE2/views/ctrl_salle/visualiserReservation.html: 0
[2016-01-08 15:40:29] EDIT M2L_PPE2/views/ctrl_salle/visualiserReservation.html: -4
[2016-01-08 15:46:35] EDIT M2L_PPE2/models/db.py: -11
[2016-01-08 15:46:51] EDIT M2L_PPE2/models/db.py: 0
[2016-01-08 16:04:21] EDIT M2L_PPE2/controllers/ctrl_salle.py: 0
[2016-01-08 16:05:07] EDIT M2L_PPE2/controllers/ctrl_salle.py: -3
[2016-01-08 16:05:48] EDIT M2L_PPE2/controllers/ctrl_salle.py: 3
[2016-01-08 16:05:56] EDIT M2L_PPE2/controllers/ctrl_salle.py: 0
[2016-01-08 16:06:04] EDIT M2L_PPE2/controllers/ctrl_salle.py: 0
[2016-01-08 16:07:50] EDIT M2L_PPE2/controllers/ctrl_salle.py: 0
[2016-01-08 16:10:21] EDIT M2L_PPE2/controllers/ctrl_salle.py: 0
[2016-01-08 16:25:28] EDIT M2L_PPE2/models/db_resa_salle.py: 0
[2016-01-08 16:27:50] EDIT M2L_PPE2/models/db_resa_salle.py: 0
[2016-03-15 16:06:43] EDIT M2L/controllers/ctrl_salle.py: 0
