timestamp: 2015-10-12T22:11:48.490061
CREATE TABLE auth_user(
    id INTEGER PRIMARY KEY AUTOINCREMENT,
    first_name CHAR(128),
    last_name CHAR(128),
    email CHAR(512),
    password CHAR(512),
    registration_key CHAR(512),
    reset_password_key CHAR(512),
    registration_id CHAR(512)
);
success!
timestamp: 2015-10-12T22:11:48.586716
CREATE TABLE auth_group(
    id INTEGER PRIMARY KEY AUTOINCREMENT,
    role CHAR(512),
    description TEXT
);
success!
timestamp: 2015-10-12T22:11:48.686878
CREATE TABLE auth_membership(
    id INTEGER PRIMARY KEY AUTOINCREMENT,
    user_id INTEGER REFERENCES auth_user (id) ON DELETE CASCADE  ,
    group_id INTEGER REFERENCES auth_group (id) ON DELETE CASCADE  
);
success!
timestamp: 2015-10-12T22:11:48.800288
CREATE TABLE auth_permission(
    id INTEGER PRIMARY KEY AUTOINCREMENT,
    group_id INTEGER REFERENCES auth_group (id) ON DELETE CASCADE  ,
    name CHAR(512),
    table_name CHAR(512),
    record_id INTEGER
);
success!
timestamp: 2015-10-12T22:11:48.860248
CREATE TABLE auth_event(
    id INTEGER PRIMARY KEY AUTOINCREMENT,
    time_stamp TIMESTAMP,
    client_ip CHAR(512),
    user_id INTEGER REFERENCES auth_user (id) ON DELETE CASCADE  ,
    origin CHAR(512),
    description TEXT
);
success!
timestamp: 2015-10-12T22:11:48.925925
CREATE TABLE auth_cas(
    id INTEGER PRIMARY KEY AUTOINCREMENT,
    user_id INTEGER REFERENCES auth_user (id) ON DELETE CASCADE  ,
    created_on TIMESTAMP,
    service CHAR(512),
    ticket CHAR(512),
    renew CHAR(1)
);
success!
timestamp: 2015-10-14T10:43:07.453249
CREATE TABLE auth_user(
    id INT AUTO_INCREMENT NOT NULL,
    first_name VARCHAR(128),
    last_name VARCHAR(128),
    email VARCHAR(512),
    password VARCHAR(512),
    registration_key VARCHAR(512),
    reset_password_key VARCHAR(512),
    registration_id VARCHAR(512),
    PRIMARY KEY (id)
) ENGINE=InnoDB CHARACTER SET utf8;
success!
timestamp: 2015-10-14T10:43:07.580561
CREATE TABLE auth_group(
    id INT AUTO_INCREMENT NOT NULL,
    role VARCHAR(512),
    description LONGTEXT,
    PRIMARY KEY (id)
) ENGINE=InnoDB CHARACTER SET utf8;
success!
timestamp: 2015-10-14T10:43:07.652093
CREATE TABLE auth_membership(
    id INT AUTO_INCREMENT NOT NULL,
    user_id INT  , INDEX user_id__idx (user_id), FOREIGN KEY (user_id) REFERENCES auth_user (id) ON DELETE CASCADE,
    group_id INT  , INDEX group_id__idx (group_id), FOREIGN KEY (group_id) REFERENCES auth_group (id) ON DELETE CASCADE,
    PRIMARY KEY (id)
) ENGINE=InnoDB CHARACTER SET utf8;
success!
timestamp: 2015-10-14T10:43:07.664291
CREATE TABLE auth_permission(
    id INT AUTO_INCREMENT NOT NULL,
    group_id INT  , INDEX group_id__idx (group_id), FOREIGN KEY (group_id) REFERENCES auth_group (id) ON DELETE CASCADE,
    name VARCHAR(512),
    table_name VARCHAR(512),
    record_id INT,
    PRIMARY KEY (id)
) ENGINE=InnoDB CHARACTER SET utf8;
success!
timestamp: 2015-10-14T10:43:07.677729
CREATE TABLE auth_event(
    id INT AUTO_INCREMENT NOT NULL,
    time_stamp DATETIME,
    client_ip VARCHAR(512),
    user_id INT  , INDEX user_id__idx (user_id), FOREIGN KEY (user_id) REFERENCES auth_user (id) ON DELETE CASCADE,
    origin VARCHAR(512),
    description LONGTEXT,
    PRIMARY KEY (id)
) ENGINE=InnoDB CHARACTER SET utf8;
success!
timestamp: 2015-10-14T10:43:07.692276
CREATE TABLE auth_cas(
    id INT AUTO_INCREMENT NOT NULL,
    user_id INT  , INDEX user_id__idx (user_id), FOREIGN KEY (user_id) REFERENCES auth_user (id) ON DELETE CASCADE,
    created_on DATETIME,
    service VARCHAR(512),
    ticket VARCHAR(512),
    renew CHAR(1),
    PRIMARY KEY (id)
) ENGINE=InnoDB CHARACTER SET utf8;
success!
timestamp: 2015-10-14T10:52:30.201360
CREATE TABLE ligue(
    id INT AUTO_INCREMENT NOT NULL,
    nom VARCHAR(512),
    adresseRue VARCHAR(512),
    ville VARCHAR(512),
    cp VARCHAR(512),
    tel VARCHAR(512),
    URLSiteWeb VARCHAR(512),
    PRIMARY KEY (id)
) ENGINE=InnoDB CHARACTER SET utf8;
success!
timestamp: 2015-10-14T10:59:41.764147
ALTER TABLE ligue ADD emailcontact VARCHAR(512);
success!
success!
timestamp: 2015-10-27T15:13:39.035111
CREATE TABLE discipline(
    id INT AUTO_INCREMENT NOT NULL,
    libelle VARCHAR(512),
    olympique VARCHAR(512),
    PRIMARY KEY (id)
) ENGINE=InnoDB CHARACTER SET utf8;
success!
timestamp: 2015-10-27T15:17:30.359968
ALTER TABLE ligue ADD iddiscipline INT  , ADD INDEX idDiscipline__idx (idDiscipline), ADD FOREIGN KEY (idDiscipline) REFERENCES discipline (id) ON DELETE CASCADE;
success!
success!
timestamp: 2016-01-04T20:39:43.456205
CREATE TABLE categorie(
    id INT AUTO_INCREMENT NOT NULL,
    nom VARCHAR(512),
    admin_email VARCHAR(512),
    heureOuverture INT,
    heureOuvertureMinutes INT,
    heureFermeture INT,
    heureFermetureMinutes INT,
    PRIMARY KEY (id)
) ENGINE=InnoDB CHARACTER SET utf8;
success!
timestamp: 2016-01-04T20:42:56.209154
CREATE TABLE auth_user(
    id INT AUTO_INCREMENT NOT NULL,
    first_name VARCHAR(128),
    last_name VARCHAR(128),
    email VARCHAR(512),
    password VARCHAR(512),
    registration_key VARCHAR(512),
    reset_password_key VARCHAR(512),
    registration_id VARCHAR(512),
    PRIMARY KEY (id)
) ENGINE=InnoDB CHARACTER SET utf8;
success!
timestamp: 2016-01-04T20:42:56.864643
CREATE TABLE auth_group(
    id INT AUTO_INCREMENT NOT NULL,
    role VARCHAR(512),
    description LONGTEXT,
    PRIMARY KEY (id)
) ENGINE=InnoDB CHARACTER SET utf8;
success!
timestamp: 2016-01-04T20:42:56.890341
CREATE TABLE auth_membership(
    id INT AUTO_INCREMENT NOT NULL,
    user_id INT  , INDEX user_id__idx (user_id), FOREIGN KEY (user_id) REFERENCES auth_user (id) ON DELETE CASCADE,
    group_id INT  , INDEX group_id__idx (group_id), FOREIGN KEY (group_id) REFERENCES auth_group (id) ON DELETE CASCADE,
    PRIMARY KEY (id)
) ENGINE=InnoDB CHARACTER SET utf8;
success!
timestamp: 2016-01-04T20:42:57.788720
CREATE TABLE auth_permission(
    id INT AUTO_INCREMENT NOT NULL,
    group_id INT  , INDEX group_id__idx (group_id), FOREIGN KEY (group_id) REFERENCES auth_group (id) ON DELETE CASCADE,
    name VARCHAR(512),
    table_name VARCHAR(512),
    record_id INT,
    PRIMARY KEY (id)
) ENGINE=InnoDB CHARACTER SET utf8;
success!
timestamp: 2016-01-04T20:42:57.929795
CREATE TABLE auth_event(
    id INT AUTO_INCREMENT NOT NULL,
    time_stamp DATETIME,
    client_ip VARCHAR(512),
    user_id INT  , INDEX user_id__idx (user_id), FOREIGN KEY (user_id) REFERENCES auth_user (id) ON DELETE CASCADE,
    origin VARCHAR(512),
    description LONGTEXT,
    PRIMARY KEY (id)
) ENGINE=InnoDB CHARACTER SET utf8;
success!
timestamp: 2016-01-04T20:42:57.960871
CREATE TABLE auth_cas(
    id INT AUTO_INCREMENT NOT NULL,
    user_id INT  , INDEX user_id__idx (user_id), FOREIGN KEY (user_id) REFERENCES auth_user (id) ON DELETE CASCADE,
    created_on DATETIME,
    service VARCHAR(512),
    ticket VARCHAR(512),
    renew CHAR(1),
    PRIMARY KEY (id)
) ENGINE=InnoDB CHARACTER SET utf8;
success!
timestamp: 2016-01-04T20:42:58.009168
CREATE TABLE categorie(
    id INT AUTO_INCREMENT NOT NULL,
    nom VARCHAR(512),
    admin_email VARCHAR(512),
    heureOuverture INT,
    heureOuvertureMinutes INT,
    heureFermeture INT,
    heureFermetureMinutes INT,
    PRIMARY KEY (id)
) ENGINE=InnoDB CHARACTER SET utf8;
success!
timestamp: 2016-01-04T20:45:57.787049
CREATE TABLE salle(
    id INT AUTO_INCREMENT NOT NULL,
    nom VARCHAR(512),
    capacite INT,
    disponible INT,
    categorie_id INT  , INDEX categorie_id__idx (categorie_id), FOREIGN KEY (categorie_id) REFERENCES categorie (id) ON DELETE CASCADE,
    PRIMARY KEY (id)
) ENGINE=InnoDB CHARACTER SET utf8;
success!
timestamp: 2016-01-04T20:45:57.831382
CREATE TABLE reservation(
    id INT AUTO_INCREMENT NOT NULL,
    etat INT,
    dateDebut DATETIME,
    dateFin DATETIME,
    salle_id INT  , INDEX salle_id__idx (salle_id), FOREIGN KEY (salle_id) REFERENCES salle (id) ON DELETE CASCADE,
    reservePar INT  , INDEX reservePar__idx (reservePar), FOREIGN KEY (reservePar) REFERENCES auth_user (id) ON DELETE CASCADE,
    PRIMARY KEY (id)
) ENGINE=InnoDB CHARACTER SET utf8;
success!
timestamp: 2016-01-04T20:47:09.993831
CREATE TABLE discipline(
    id INT AUTO_INCREMENT NOT NULL,
    libelle VARCHAR(512),
    olympique VARCHAR(512),
    PRIMARY KEY (id)
) ENGINE=InnoDB CHARACTER SET utf8;
success!
timestamp: 2016-01-04T20:47:10.205460
CREATE TABLE ligue(
    id INT AUTO_INCREMENT NOT NULL,
    nom VARCHAR(512),
    adresseRue VARCHAR(512),
    ville VARCHAR(512),
    cp VARCHAR(512),
    tel VARCHAR(512),
    URLSiteWeb VARCHAR(512),
    emailContact VARCHAR(512),
    idDiscipline INT  , INDEX idDiscipline__idx (idDiscipline), FOREIGN KEY (idDiscipline) REFERENCES discipline (id) ON DELETE CASCADE,
    PRIMARY KEY (id)
) ENGINE=InnoDB CHARACTER SET utf8;
success!
timestamp: 2016-01-05T15:50:48.980245
ALTER TABLE reservation DROP COLUMN reservepar;
timestamp: 2016-01-05T15:51:03.624171
ALTER TABLE reservation DROP COLUMN reservepar;
timestamp: 2016-01-05T15:51:06.990222
ALTER TABLE reservation DROP COLUMN reservepar;
timestamp: 2016-01-05T15:51:07.782309
ALTER TABLE reservation DROP COLUMN reservepar;
timestamp: 2016-01-05T15:51:13.815023
ALTER TABLE reservation DROP COLUMN reservepar;
timestamp: 2016-01-05T15:51:32.876276
ALTER TABLE reservation DROP COLUMN reservepar;
timestamp: 2016-01-05T15:51:47.586421
ALTER TABLE reservation DROP COLUMN reservepar;
timestamp: 2016-01-05T15:51:50.913201
ALTER TABLE reservation DROP COLUMN reservepar;
timestamp: 2016-01-05T15:52:32.868725
ALTER TABLE reservation DROP COLUMN reservepar;
timestamp: 2016-01-05T15:52:51.118267
ALTER TABLE reservation DROP COLUMN reservepar;
timestamp: 2016-01-05T15:53:29.200044
ALTER TABLE reservation DROP COLUMN reservepar;
timestamp: 2016-01-05T15:53:32.908811
ALTER TABLE reservation DROP COLUMN reservepar;
timestamp: 2016-01-05T15:53:45.687785
ALTER TABLE reservation DROP COLUMN reservepar;
timestamp: 2016-01-05T15:53:50.790454
ALTER TABLE reservation DROP COLUMN reservepar;
timestamp: 2016-01-06T21:54:05.912532
CREATE TABLE categorie(
    id INTEGER PRIMARY KEY AUTOINCREMENT,
    nom CHAR(512),
    admin_email CHAR(512),
    heureOuverture INTEGER,
    heureOuvertureMinutes INTEGER,
    heureFermeture INTEGER,
    heureFermetureMinutes INTEGER
);
success!
timestamp: 2016-01-06T21:54:06.027573
CREATE TABLE salle(
    id INTEGER PRIMARY KEY AUTOINCREMENT,
    nom CHAR(512),
    capacite INTEGER,
    disponible INTEGER,
    categorie_id INTEGER REFERENCES categorie (id) ON DELETE CASCADE  
);
success!
timestamp: 2016-01-06T22:08:29.481647
CREATE TABLE reservation(
    id INTEGER PRIMARY KEY AUTOINCREMENT,
    etat INTEGER,
    dateDebut TIMESTAMP,
    dateFin TIMESTAMP,
    salle_id INTEGER REFERENCES salle (id) ON DELETE CASCADE  
);
success!
timestamp: 2016-01-06T22:09:40.834429
CREATE TABLE discipline(
    id INTEGER PRIMARY KEY AUTOINCREMENT,
    libelle CHAR(512),
    olympique CHAR(512)
);
success!
timestamp: 2016-01-06T22:09:41.451079
CREATE TABLE ligue(
    id INTEGER PRIMARY KEY AUTOINCREMENT,
    nom CHAR(512),
    adresseRue CHAR(512),
    ville CHAR(512),
    cp CHAR(512),
    tel CHAR(512),
    URLSiteWeb CHAR(512),
    emailContact CHAR(512),
    idDiscipline INTEGER REFERENCES discipline (id) ON DELETE CASCADE  
);
success!
